<?xml version="1.0" encoding="utf-8"?><testsuites name="pytest tests"><testsuite name="pytest" errors="0" failures="1" skipped="0" tests="17" time="78.556" timestamp="2026-08-31T23:57:04.934685+00:00" hostname="agent-env-e6ac7ebc-983f-4eb3-afef-203595878438"><testcase classname="tests.backend_test.TestHealthAndShared" name="test_root" time="0.212" /><testcase classname="tests.backend_test.TestHealthAndShared" name="test_competitions" time="0.071" /><testcase classname="tests.backend_test.TestHealthAndShared" name="test_standings_shared_endpoint" time="0.075" /><testcase classname="tests.backend_test.TestBetOfTheDay" name="test_shape_and_threshold" time="0.084" /><testcase classname="tests.backend_test.TestBetOfTheDay" name="test_picks_ranked_and_above_threshold" time="0.082" /><testcase classname="tests.backend_test.TestBetOfTheDay" name="test_no_mongo_objectid_leak" time="0.068" /><testcase classname="tests.backend_test.TestWorldEndpoints" name="test_world_leagues_sources" time="0.064" /><testcase classname="tests.backend_test.TestWorldEndpoints" name="test_world_matches_today_graceful" time="17.321" /><testcase classname="tests.backend_test.TestWorldEndpoints" name="test_world_league_next_graceful" time="60.062"><failure message="AssertionError: {&quot;type&quot;:&quot;https://developers.cloudflare.com/support/troubleshooting/http-status-codes/cloudflare-5xx-errors/error-502/&quot;,&quot;title&quot;:&quot;Error 502: Bad gateway&quot;,&quot;status&quot;:502,&quot;detail&quot;:&quot;The origin web server returned an invalid or incomplete response to Cloudflare. This typically indicates the origin is overlo&#10;assert 502 == 200&#10; +  where 502 = &lt;Response [502]&gt;.status_code">E   AssertionError: {"type":"https://developers.cloudflare.com/support/troubleshooting/http-status-codes/cloudflare-5xx-errors/error-502/","title":"Error 502: Bad gateway","status":502,"detail":"The origin web server returned an invalid or incomplete response to Cloudflare. This typically indicates the origin is overlo
    assert 502 == 200
     +  where 502 = &lt;Response [502]&gt;.status_code</failure></testcase><testcase classname="tests.backend_test.TestWorldEndpoints" name="test_world_league_table_graceful" time="0.136" /><testcase classname="tests.backend_test.TestWorldEndpoints" name="test_world_league_bad_ref" time="0.060" /><testcase classname="tests.backend_test.TestWorldEndpoints" name="test_world_league_unknown_code" time="0.060" /><testcase classname="tests.backend_test.TestPredictions" name="test_predictions_upcoming_contract" time="0.077" /><testcase classname="tests.backend_test.TestPredictions" name="test_matches_range_contract" time="0.066" /><testcase classname="tests.backend_test.TestPredictions" name="test_matches_today" time="0.058" /><testcase classname="tests.backend_test.TestSelectorUnit" name="test_threshold_and_ranking_and_cap" time="0.004" /><testcase classname="tests.backend_test.TestSelectorUnit" name="test_empty_input" time="0.001" /></testsuite></testsuites>